<?xml version="1.0" encoding="UTF-8"?>
<!-- Generated by org.testng.reporters.JUnitReportReporter -->
<testsuite hostname="DESKTOP-KHJPBD5" failures="0" tests="3" name="testNGTutorial.testNGScript" time="0.018" errors="0" timestamp="2019-09-25T12:55:51 IST" skipped="0">
  <testcase classname="testNGTutorial.testNGScript" name="loginApp" time="0.012"/>
  <testcase classname="testNGTutorial.testNGScript" name="ItemSelection" time="0.004"/>
  <testcase classname="testNGTutorial.testNGScript" name="CheckOut" time="0.002"/>
</testsuite> <!-- testNGTutorial.testNGScript -->
